<?xml version="1.0" encoding="UTF-8"?>
<robot generator="Robot 5.0.1 (Python 3.11.1 on win32)" generated="20221222 18:19:45.231" rpa="false" schemaversion="3">
<suite id="s1" name="Tests" source="D:\RobotFramework\SampleProject\TestCases\CartPageTest.Robot">
<kw name="User opens Jupiter Toys website" library="Page" type="SETUP">
<kw name="Open Browser" library="SeleniumLibrary">
<arg>${base_url}</arg>
<arg>${browser}</arg>
<doc>Opens a new browser instance to the optional ``url``.</doc>
<msg timestamp="20221222 18:19:45.894" level="INFO">Opening browser 'headlesschrome' to base url 'http://jupiter.cloud.planittesting.com'.</msg>
<status status="PASS" starttime="20221222 18:19:45.894" endtime="20221222 18:19:49.862"/>
</kw>
<kw name="Set Window Size" library="SeleniumLibrary">
<arg>${window_width}</arg>
<arg>${window_height}</arg>
<doc>Sets current windows size to given ``width`` and ``height``.</doc>
<status status="PASS" starttime="20221222 18:19:49.863" endtime="20221222 18:19:49.976"/>
</kw>
<status status="PASS" starttime="20221222 18:19:45.894" endtime="20221222 18:19:49.976"/>
</kw>
<test id="s1-t1" name="Validate prices, subtotal, total in Cart Page" line="13">
<kw name="Given" library="Page" type="SETUP">
<arg>user buys products</arg>
<kw name="Run Keyword" library="BuiltIn">
<arg>@{varargs}</arg>
<doc>Executes the given keyword with the given arguments.</doc>
<kw name="user buys products" library="ShopPage">
<kw name="get shopping list" library="ShopPage">
<var>@{shoppingList}</var>
<kw name="Open Workbook" library="RPA.Excel.Files">
<arg>${testdata_shoppinglist_xlsx}</arg>
<doc>Open an existing Excel workbook.</doc>
<msg timestamp="20221222 18:19:49.976" level="INFO">Opened workbook: &lt;RPA.Excel.Files.XlsxWorkbook object at 0x000001B55F75A650&gt;</msg>
<status status="PASS" starttime="20221222 18:19:49.976" endtime="20221222 18:19:49.976"/>
</kw>
<kw name="Read Worksheet" library="RPA.Excel.Files">
<var>@{shoppingList}</var>
<arg>header=True</arg>
<doc>Read the content of a worksheet into a list of dictionaries.</doc>
<msg timestamp="20221222 18:19:49.976" level="INFO">@{shoppingList} = [ {'${productName}': 'Stuffed Frog', '${quantity}': 2} | {'${productName}': 'Fluffy Bunny', '${quantity}': 5} | {'${productName}': 'Valentine Bear', '${quantity}': 3} ]</msg>
<status status="PASS" starttime="20221222 18:19:49.976" endtime="20221222 18:19:49.976"/>
</kw>
<msg timestamp="20221222 18:19:49.992" level="INFO">@{shoppingList} = [ {'${productName}': 'Stuffed Frog', '${quantity}': 2} | {'${productName}': 'Fluffy Bunny', '${quantity}': 5} | {'${productName}': 'Valentine Bear', '${quantity}': 3} ]</msg>
<status status="PASS" starttime="20221222 18:19:49.976" endtime="20221222 18:19:49.992"/>
</kw>
<kw name="Set Suite Variable" library="BuiltIn">
<arg>@{shoppingList}</arg>
<doc>Makes a variable available everywhere within the scope of the current suite.</doc>
<msg timestamp="20221222 18:19:49.992" level="INFO">@{shoppingList} = [ {'${productName}': 'Stuffed Frog', '${quantity}': 2} | {'${productName}': 'Fluffy Bunny', '${quantity}': 5} | {'${productName}': 'Valentine Bear', '${quantity}': 3} ]</msg>
<status status="PASS" starttime="20221222 18:19:49.992" endtime="20221222 18:19:49.992"/>
</kw>
<kw name="A User navigates to Shop page" library="Page" sourcename="A User navigates to ${page} page">
<kw name="Click Element" library="SeleniumLibrary">
<arg>partial link:${page}</arg>
<doc>Click the element identified by ``locator``.</doc>
<msg timestamp="20221222 18:19:49.992" level="INFO">Clicking element 'partial link:Shop'.</msg>
<status status="PASS" starttime="20221222 18:19:49.992" endtime="20221222 18:19:50.037"/>
</kw>
<status status="PASS" starttime="20221222 18:19:49.992" endtime="20221222 18:19:50.038"/>
</kw>
<kw name="get product prices" library="ShopPage">
<arg>@{shoppingList}</arg>
<kw name="Create Dictionary" library="BuiltIn">
<var>${productPriceMap}</var>
<doc>Creates and returns a dictionary based on the given ``items``.</doc>
<msg timestamp="20221222 18:19:50.038" level="INFO">${productPriceMap} = {}</msg>
<status status="PASS" starttime="20221222 18:19:50.038" endtime="20221222 18:19:50.038"/>
</kw>
<for flavor="IN">
<var>${product}</var>
<value>@{shoppingList}</value>
<iter>
<var name="${product}">{'${productName}': 'Stuffed Frog', '${quantity}': 2}</var>
<kw name="get price value" library="Page">
<var>${priceValue}</var>
<arg>${product}[\$\{productName\}]</arg>
<arg>${productPriceXpath}</arg>
<kw name="Replace String" library="String">
<var>${priceLocator}</var>
<arg>${xpath}</arg>
<arg>&lt;productName&gt;</arg>
<arg>${product}</arg>
<doc>Replaces ``search_for`` in the given ``string`` with ``replace_with``.</doc>
<msg timestamp="20221222 18:19:50.041" level="INFO">${priceLocator} = //h4[contains(text(),'Stuffed Frog')]/following-sibling::p/span</msg>
<status status="PASS" starttime="20221222 18:19:50.040" endtime="20221222 18:19:50.041"/>
</kw>
<kw name="Wait Until Element Is Visible" library="SeleniumLibrary">
<arg>${priceLocator}</arg>
<doc>Waits until the element ``locator`` is visible.</doc>
<status status="PASS" starttime="20221222 18:19:50.042" endtime="20221222 18:19:50.261"/>
</kw>
<kw name="Get Text" library="SeleniumLibrary">
<var>${priceText}</var>
<arg>${priceLocator}</arg>
<doc>Returns the text value of the element identified by ``locator``.</doc>
<msg timestamp="20221222 18:19:50.277" level="INFO">${priceText} = $10.99</msg>
<status status="PASS" starttime="20221222 18:19:50.261" endtime="20221222 18:19:50.277"/>
</kw>
<kw name="get float value" library="Page">
<var>${priceValueFloat}</var>
<arg>${priceText}</arg>
<kw name="Get Regexp Matches" library="String">
<var>${priceValue}</var>
<arg>${priceText}</arg>
<arg>${priceFloatXpath}</arg>
<doc>Returns a list of all non-overlapping matches in the given string.</doc>
<msg timestamp="20221222 18:19:50.277" level="INFO">${priceValue} = ['10.99']</msg>
<status status="PASS" starttime="20221222 18:19:50.277" endtime="20221222 18:19:50.277"/>
</kw>
<kw name="Convert To Number" library="BuiltIn">
<var>${priceValueFloat}</var>
<arg>${priceValue}[0]</arg>
<doc>Converts the given item to a floating point number.</doc>
<msg timestamp="20221222 18:19:50.277" level="INFO">${priceValueFloat} = 10.99</msg>
<status status="PASS" starttime="20221222 18:19:50.277" endtime="20221222 18:19:50.277"/>
</kw>
<msg timestamp="20221222 18:19:50.277" level="INFO">${priceValueFloat} = 10.99</msg>
<status status="PASS" starttime="20221222 18:19:50.277" endtime="20221222 18:19:50.277"/>
</kw>
<msg timestamp="20221222 18:19:50.277" level="INFO">${priceValue} = 10.99</msg>
<status status="PASS" starttime="20221222 18:19:50.040" endtime="20221222 18:19:50.277"/>
</kw>
<kw name="Set To Dictionary" library="Collections">
<arg>${productPriceMap}</arg>
<arg>${product}[\$\{productName\}]</arg>
<arg>${priceValue}</arg>
<doc>Adds the given ``key_value_pairs`` and ``items`` to the ``dictionary``.</doc>
<status status="PASS" starttime="20221222 18:19:50.277" endtime="20221222 18:19:50.277"/>
</kw>
<status status="PASS" starttime="20221222 18:19:50.040" endtime="20221222 18:19:50.277"/>
</iter>
<iter>
<var name="${product}">{'${productName}': 'Fluffy Bunny', '${quantity}': 5}</var>
<kw name="get price value" library="Page">
<var>${priceValue}</var>
<arg>${product}[\$\{productName\}]</arg>
<arg>${productPriceXpath}</arg>
<kw name="Replace String" library="String">
<var>${priceLocator}</var>
<arg>${xpath}</arg>
<arg>&lt;productName&gt;</arg>
<arg>${product}</arg>
<doc>Replaces ``search_for`` in the given ``string`` with ``replace_with``.</doc>
<msg timestamp="20221222 18:19:50.277" level="INFO">${priceLocator} = //h4[contains(text(),'Fluffy Bunny')]/following-sibling::p/span</msg>
<status status="PASS" starttime="20221222 18:19:50.277" endtime="20221222 18:19:50.277"/>
</kw>
<kw name="Wait Until Element Is Visible" library="SeleniumLibrary">
<arg>${priceLocator}</arg>
<doc>Waits until the element ``locator`` is visible.</doc>
<status status="PASS" starttime="20221222 18:19:50.277" endtime="20221222 18:19:50.308"/>
</kw>
<kw name="Get Text" library="SeleniumLibrary">
<var>${priceText}</var>
<arg>${priceLocator}</arg>
<doc>Returns the text value of the element identified by ``locator``.</doc>
<msg timestamp="20221222 18:19:50.324" level="INFO">${priceText} = $9.99</msg>
<status status="PASS" starttime="20221222 18:19:50.308" endtime="20221222 18:19:50.324"/>
</kw>
<kw name="get float value" library="Page">
<var>${priceValueFloat}</var>
<arg>${priceText}</arg>
<kw name="Get Regexp Matches" library="String">
<var>${priceValue}</var>
<arg>${priceText}</arg>
<arg>${priceFloatXpath}</arg>
<doc>Returns a list of all non-overlapping matches in the given string.</doc>
<msg timestamp="20221222 18:19:50.324" level="INFO">${priceValue} = ['9.99']</msg>
<status status="PASS" starttime="20221222 18:19:50.324" endtime="20221222 18:19:50.324"/>
</kw>
<kw name="Convert To Number" library="BuiltIn">
<var>${priceValueFloat}</var>
<arg>${priceValue}[0]</arg>
<doc>Converts the given item to a floating point number.</doc>
<msg timestamp="20221222 18:19:50.328" level="INFO">${priceValueFloat} = 9.99</msg>
<status status="PASS" starttime="20221222 18:19:50.328" endtime="20221222 18:19:50.328"/>
</kw>
<msg timestamp="20221222 18:19:50.328" level="INFO">${priceValueFloat} = 9.99</msg>
<status status="PASS" starttime="20221222 18:19:50.324" endtime="20221222 18:19:50.328"/>
</kw>
<msg timestamp="20221222 18:19:50.328" level="INFO">${priceValue} = 9.99</msg>
<status status="PASS" starttime="20221222 18:19:50.277" endtime="20221222 18:19:50.328"/>
</kw>
<kw name="Set To Dictionary" library="Collections">
<arg>${productPriceMap}</arg>
<arg>${product}[\$\{productName\}]</arg>
<arg>${priceValue}</arg>
<doc>Adds the given ``key_value_pairs`` and ``items`` to the ``dictionary``.</doc>
<status status="PASS" starttime="20221222 18:19:50.328" endtime="20221222 18:19:50.328"/>
</kw>
<status status="PASS" starttime="20221222 18:19:50.277" endtime="20221222 18:19:50.328"/>
</iter>
<iter>
<var name="${product}">{'${productName}': 'Valentine Bear', '${quantity}': 3}</var>
<kw name="get price value" library="Page">
<var>${priceValue}</var>
<arg>${product}[\$\{productName\}]</arg>
<arg>${productPriceXpath}</arg>
<kw name="Replace String" library="String">
<var>${priceLocator}</var>
<arg>${xpath}</arg>
<arg>&lt;productName&gt;</arg>
<arg>${product}</arg>
<doc>Replaces ``search_for`` in the given ``string`` with ``replace_with``.</doc>
<msg timestamp="20221222 18:19:50.328" level="INFO">${priceLocator} = //h4[contains(text(),'Valentine Bear')]/following-sibling::p/span</msg>
<status status="PASS" starttime="20221222 18:19:50.328" endtime="20221222 18:19:50.328"/>
</kw>
<kw name="Wait Until Element Is Visible" library="SeleniumLibrary">
<arg>${priceLocator}</arg>
<doc>Waits until the element ``locator`` is visible.</doc>
<status status="PASS" starttime="20221222 18:19:50.328" endtime="20221222 18:19:50.357"/>
</kw>
<kw name="Get Text" library="SeleniumLibrary">
<var>${priceText}</var>
<arg>${priceLocator}</arg>
<doc>Returns the text value of the element identified by ``locator``.</doc>
<msg timestamp="20221222 18:19:50.375" level="INFO">${priceText} = $14.99</msg>
<status status="PASS" starttime="20221222 18:19:50.357" endtime="20221222 18:19:50.375"/>
</kw>
<kw name="get float value" library="Page">
<var>${priceValueFloat}</var>
<arg>${priceText}</arg>
<kw name="Get Regexp Matches" library="String">
<var>${priceValue}</var>
<arg>${priceText}</arg>
<arg>${priceFloatXpath}</arg>
<doc>Returns a list of all non-overlapping matches in the given string.</doc>
<msg timestamp="20221222 18:19:50.377" level="INFO">${priceValue} = ['14.99']</msg>
<status status="PASS" starttime="20221222 18:19:50.376" endtime="20221222 18:19:50.377"/>
</kw>
<kw name="Convert To Number" library="BuiltIn">
<var>${priceValueFloat}</var>
<arg>${priceValue}[0]</arg>
<doc>Converts the given item to a floating point number.</doc>
<msg timestamp="20221222 18:19:50.378" level="INFO">${priceValueFloat} = 14.99</msg>
<status status="PASS" starttime="20221222 18:19:50.377" endtime="20221222 18:19:50.378"/>
</kw>
<msg timestamp="20221222 18:19:50.378" level="INFO">${priceValueFloat} = 14.99</msg>
<status status="PASS" starttime="20221222 18:19:50.376" endtime="20221222 18:19:50.378"/>
</kw>
<msg timestamp="20221222 18:19:50.379" level="INFO">${priceValue} = 14.99</msg>
<status status="PASS" starttime="20221222 18:19:50.328" endtime="20221222 18:19:50.379"/>
</kw>
<kw name="Set To Dictionary" library="Collections">
<arg>${productPriceMap}</arg>
<arg>${product}[\$\{productName\}]</arg>
<arg>${priceValue}</arg>
<doc>Adds the given ``key_value_pairs`` and ``items`` to the ``dictionary``.</doc>
<status status="PASS" starttime="20221222 18:19:50.382" endtime="20221222 18:19:50.382"/>
</kw>
<status status="PASS" starttime="20221222 18:19:50.328" endtime="20221222 18:19:50.383"/>
</iter>
<status status="PASS" starttime="20221222 18:19:50.039" endtime="20221222 18:19:50.383"/>
</for>
<kw name="Set Suite Variable" library="BuiltIn">
<arg>&amp;{productPriceMap}</arg>
<doc>Makes a variable available everywhere within the scope of the current suite.</doc>
<msg timestamp="20221222 18:19:50.383" level="INFO">&amp;{productPriceMap} = { Stuffed Frog=10.99 | Fluffy Bunny=9.99 | Valentine Bear=14.99 }</msg>
<status status="PASS" starttime="20221222 18:19:50.383" endtime="20221222 18:19:50.384"/>
</kw>
<status status="PASS" starttime="20221222 18:19:50.038" endtime="20221222 18:19:50.384"/>
</kw>
<kw name="buy products" library="ShopPage">
<arg>@{shoppingList}</arg>
<for flavor="IN">
<var>${product}</var>
<value>@{shoppingList}</value>
<iter>
<var name="${product}">{'${productName}': 'Stuffed Frog', '${quantity}': 2}</var>
<kw name="buy product" library="ShopPage">
<arg>${product}[\$\{productName\}]</arg>
<arg>${product}[\$\{quantity\}]</arg>
<kw name="get buy button" library="ShopPage">
<var>${buyButtonLocator}</var>
<arg>${product}</arg>
<kw name="Replace String" library="String">
<var>${buttonLocator}</var>
<arg>${buyButtonXpath}</arg>
<arg>&lt;productName&gt;</arg>
<arg>${product}</arg>
<doc>Replaces ``search_for`` in the given ``string`` with ``replace_with``.</doc>
<msg timestamp="20221222 18:19:50.386" level="INFO">${buttonLocator} = //h4[contains(text(),'Stuffed Frog')]/following-sibling::p/a</msg>
<status status="PASS" starttime="20221222 18:19:50.386" endtime="20221222 18:19:50.386"/>
</kw>
<msg timestamp="20221222 18:19:50.387" level="INFO">${buyButtonLocator} = //h4[contains(text(),'Stuffed Frog')]/following-sibling::p/a</msg>
<status status="PASS" starttime="20221222 18:19:50.385" endtime="20221222 18:19:50.387"/>
</kw>
<for flavor="IN RANGE">
<var>${index}</var>
<value>${quantity}</value>
<iter>
<var name="${index}">0</var>
<kw name="Click Element" library="SeleniumLibrary">
<arg>${buyButtonLocator}</arg>
<doc>Click the element identified by ``locator``.</doc>
<msg timestamp="20221222 18:19:50.389" level="INFO">Clicking element '//h4[contains(text(),'Stuffed Frog')]/following-sibling::p/a'.</msg>
<status status="PASS" starttime="20221222 18:19:50.389" endtime="20221222 18:19:50.443"/>
</kw>
<status status="PASS" starttime="20221222 18:19:50.388" endtime="20221222 18:19:50.444"/>
</iter>
<iter>
<var name="${index}">1</var>
<kw name="Click Element" library="SeleniumLibrary">
<arg>${buyButtonLocator}</arg>
<doc>Click the element identified by ``locator``.</doc>
<msg timestamp="20221222 18:19:50.444" level="INFO">Clicking element '//h4[contains(text(),'Stuffed Frog')]/following-sibling::p/a'.</msg>
<status status="PASS" starttime="20221222 18:19:50.444" endtime="20221222 18:19:50.466"/>
</kw>
<status status="PASS" starttime="20221222 18:19:50.444" endtime="20221222 18:19:50.466"/>
</iter>
<status status="PASS" starttime="20221222 18:19:50.388" endtime="20221222 18:19:50.467"/>
</for>
<status status="PASS" starttime="20221222 18:19:50.385" endtime="20221222 18:19:50.467"/>
</kw>
<status status="PASS" starttime="20221222 18:19:50.385" endtime="20221222 18:19:50.467"/>
</iter>
<iter>
<var name="${product}">{'${productName}': 'Fluffy Bunny', '${quantity}': 5}</var>
<kw name="buy product" library="ShopPage">
<arg>${product}[\$\{productName\}]</arg>
<arg>${product}[\$\{quantity\}]</arg>
<kw name="get buy button" library="ShopPage">
<var>${buyButtonLocator}</var>
<arg>${product}</arg>
<kw name="Replace String" library="String">
<var>${buttonLocator}</var>
<arg>${buyButtonXpath}</arg>
<arg>&lt;productName&gt;</arg>
<arg>${product}</arg>
<doc>Replaces ``search_for`` in the given ``string`` with ``replace_with``.</doc>
<msg timestamp="20221222 18:19:50.468" level="INFO">${buttonLocator} = //h4[contains(text(),'Fluffy Bunny')]/following-sibling::p/a</msg>
<status status="PASS" starttime="20221222 18:19:50.468" endtime="20221222 18:19:50.468"/>
</kw>
<msg timestamp="20221222 18:19:50.469" level="INFO">${buyButtonLocator} = //h4[contains(text(),'Fluffy Bunny')]/following-sibling::p/a</msg>
<status status="PASS" starttime="20221222 18:19:50.468" endtime="20221222 18:19:50.469"/>
</kw>
<for flavor="IN RANGE">
<var>${index}</var>
<value>${quantity}</value>
<iter>
<var name="${index}">0</var>
<kw name="Click Element" library="SeleniumLibrary">
<arg>${buyButtonLocator}</arg>
<doc>Click the element identified by ``locator``.</doc>
<msg timestamp="20221222 18:19:50.472" level="INFO">Clicking element '//h4[contains(text(),'Fluffy Bunny')]/following-sibling::p/a'.</msg>
<status status="PASS" starttime="20221222 18:19:50.471" endtime="20221222 18:19:50.507"/>
</kw>
<status status="PASS" starttime="20221222 18:19:50.471" endtime="20221222 18:19:50.508"/>
</iter>
<iter>
<var name="${index}">1</var>
<kw name="Click Element" library="SeleniumLibrary">
<arg>${buyButtonLocator}</arg>
<doc>Click the element identified by ``locator``.</doc>
<msg timestamp="20221222 18:19:50.508" level="INFO">Clicking element '//h4[contains(text(),'Fluffy Bunny')]/following-sibling::p/a'.</msg>
<status status="PASS" starttime="20221222 18:19:50.508" endtime="20221222 18:19:50.529"/>
</kw>
<status status="PASS" starttime="20221222 18:19:50.508" endtime="20221222 18:19:50.530"/>
</iter>
<iter>
<var name="${index}">2</var>
<kw name="Click Element" library="SeleniumLibrary">
<arg>${buyButtonLocator}</arg>
<doc>Click the element identified by ``locator``.</doc>
<msg timestamp="20221222 18:19:50.530" level="INFO">Clicking element '//h4[contains(text(),'Fluffy Bunny')]/following-sibling::p/a'.</msg>
<status status="PASS" starttime="20221222 18:19:50.530" endtime="20221222 18:19:50.551"/>
</kw>
<status status="PASS" starttime="20221222 18:19:50.530" endtime="20221222 18:19:50.551"/>
</iter>
<iter>
<var name="${index}">3</var>
<kw name="Click Element" library="SeleniumLibrary">
<arg>${buyButtonLocator}</arg>
<doc>Click the element identified by ``locator``.</doc>
<msg timestamp="20221222 18:19:50.552" level="INFO">Clicking element '//h4[contains(text(),'Fluffy Bunny')]/following-sibling::p/a'.</msg>
<status status="PASS" starttime="20221222 18:19:50.552" endtime="20221222 18:19:50.572"/>
</kw>
<status status="PASS" starttime="20221222 18:19:50.552" endtime="20221222 18:19:50.573"/>
</iter>
<iter>
<var name="${index}">4</var>
<kw name="Click Element" library="SeleniumLibrary">
<arg>${buyButtonLocator}</arg>
<doc>Click the element identified by ``locator``.</doc>
<msg timestamp="20221222 18:19:50.573" level="INFO">Clicking element '//h4[contains(text(),'Fluffy Bunny')]/following-sibling::p/a'.</msg>
<status status="PASS" starttime="20221222 18:19:50.573" endtime="20221222 18:19:50.594"/>
</kw>
<status status="PASS" starttime="20221222 18:19:50.573" endtime="20221222 18:19:50.595"/>
</iter>
<status status="PASS" starttime="20221222 18:19:50.471" endtime="20221222 18:19:50.595"/>
</for>
<status status="PASS" starttime="20221222 18:19:50.467" endtime="20221222 18:19:50.595"/>
</kw>
<status status="PASS" starttime="20221222 18:19:50.467" endtime="20221222 18:19:50.595"/>
</iter>
<iter>
<var name="${product}">{'${productName}': 'Valentine Bear', '${quantity}': 3}</var>
<kw name="buy product" library="ShopPage">
<arg>${product}[\$\{productName\}]</arg>
<arg>${product}[\$\{quantity\}]</arg>
<kw name="get buy button" library="ShopPage">
<var>${buyButtonLocator}</var>
<arg>${product}</arg>
<kw name="Replace String" library="String">
<var>${buttonLocator}</var>
<arg>${buyButtonXpath}</arg>
<arg>&lt;productName&gt;</arg>
<arg>${product}</arg>
<doc>Replaces ``search_for`` in the given ``string`` with ``replace_with``.</doc>
<msg timestamp="20221222 18:19:50.597" level="INFO">${buttonLocator} = //h4[contains(text(),'Valentine Bear')]/following-sibling::p/a</msg>
<status status="PASS" starttime="20221222 18:19:50.596" endtime="20221222 18:19:50.597"/>
</kw>
<msg timestamp="20221222 18:19:50.597" level="INFO">${buyButtonLocator} = //h4[contains(text(),'Valentine Bear')]/following-sibling::p/a</msg>
<status status="PASS" starttime="20221222 18:19:50.596" endtime="20221222 18:19:50.597"/>
</kw>
<for flavor="IN RANGE">
<var>${index}</var>
<value>${quantity}</value>
<iter>
<var name="${index}">0</var>
<kw name="Click Element" library="SeleniumLibrary">
<arg>${buyButtonLocator}</arg>
<doc>Click the element identified by ``locator``.</doc>
<msg timestamp="20221222 18:19:50.599" level="INFO">Clicking element '//h4[contains(text(),'Valentine Bear')]/following-sibling::p/a'.</msg>
<status status="PASS" starttime="20221222 18:19:50.598" endtime="20221222 18:19:50.631"/>
</kw>
<status status="PASS" starttime="20221222 18:19:50.598" endtime="20221222 18:19:50.632"/>
</iter>
<iter>
<var name="${index}">1</var>
<kw name="Click Element" library="SeleniumLibrary">
<arg>${buyButtonLocator}</arg>
<doc>Click the element identified by ``locator``.</doc>
<msg timestamp="20221222 18:19:50.632" level="INFO">Clicking element '//h4[contains(text(),'Valentine Bear')]/following-sibling::p/a'.</msg>
<status status="PASS" starttime="20221222 18:19:50.632" endtime="20221222 18:19:50.655"/>
</kw>
<status status="PASS" starttime="20221222 18:19:50.632" endtime="20221222 18:19:50.656"/>
</iter>
<iter>
<var name="${index}">2</var>
<kw name="Click Element" library="SeleniumLibrary">
<arg>${buyButtonLocator}</arg>
<doc>Click the element identified by ``locator``.</doc>
<msg timestamp="20221222 18:19:50.656" level="INFO">Clicking element '//h4[contains(text(),'Valentine Bear')]/following-sibling::p/a'.</msg>
<status status="PASS" starttime="20221222 18:19:50.656" endtime="20221222 18:19:50.679"/>
</kw>
<status status="PASS" starttime="20221222 18:19:50.656" endtime="20221222 18:19:50.680"/>
</iter>
<status status="PASS" starttime="20221222 18:19:50.598" endtime="20221222 18:19:50.680"/>
</for>
<status status="PASS" starttime="20221222 18:19:50.596" endtime="20221222 18:19:50.680"/>
</kw>
<status status="PASS" starttime="20221222 18:19:50.596" endtime="20221222 18:19:50.681"/>
</iter>
<status status="PASS" starttime="20221222 18:19:50.385" endtime="20221222 18:19:50.681"/>
</for>
<status status="PASS" starttime="20221222 18:19:50.384" endtime="20221222 18:19:50.681"/>
</kw>
<status status="PASS" starttime="20221222 18:19:49.976" endtime="20221222 18:19:50.681"/>
</kw>
<status status="PASS" starttime="20221222 18:19:49.976" endtime="20221222 18:19:50.681"/>
</kw>
<status status="PASS" starttime="20221222 18:19:49.976" endtime="20221222 18:19:50.681"/>
</kw>
<kw name="When a user navigates to Cart page" library="Page" sourcename="A User navigates to ${page} page">
<kw name="Click Element" library="SeleniumLibrary">
<arg>partial link:${page}</arg>
<doc>Click the element identified by ``locator``.</doc>
<msg timestamp="20221222 18:19:50.682" level="INFO">Clicking element 'partial link:Cart'.</msg>
<status status="PASS" starttime="20221222 18:19:50.682" endtime="20221222 18:19:50.721"/>
</kw>
<status status="PASS" starttime="20221222 18:19:50.682" endtime="20221222 18:19:50.722"/>
</kw>
<kw name="And user validates subtotal for each product" library="CartPage">
<kw name="Log To Console" library="BuiltIn">
<arg>user validates subtotal for each product</arg>
<doc>Logs the given message to the console.</doc>
<status status="PASS" starttime="20221222 18:19:50.723" endtime="20221222 18:19:50.723"/>
</kw>
<status status="PASS" starttime="20221222 18:19:50.722" endtime="20221222 18:19:50.723"/>
</kw>
<kw name="Then subtotal for each product should be correct" library="CartPage">
<kw name="Create List" library="BuiltIn">
<var>${subtotalList}</var>
<doc>Returns a list containing given items.</doc>
<msg timestamp="20221222 18:19:50.725" level="INFO">${subtotalList} = []</msg>
<status status="PASS" starttime="20221222 18:19:50.725" endtime="20221222 18:19:50.725"/>
</kw>
<for flavor="IN">
<var>${product}</var>
<value>@{shoppingList}</value>
<iter>
<var name="${product}">{'${productName}': 'Stuffed Frog', '${quantity}': 2}</var>
<kw name="Convert To String" library="BuiltIn">
<var>${productName}</var>
<arg>${product}[\$\{productName\}]</arg>
<doc>Converts the given item to a Unicode string.</doc>
<msg timestamp="20221222 18:19:50.726" level="INFO">${productName} = Stuffed Frog</msg>
<status status="PASS" starttime="20221222 18:19:50.726" endtime="20221222 18:19:50.726"/>
</kw>
<kw name="get price value" library="Page">
<var>${cartPageSubtotal}</var>
<arg>${productName}</arg>
<arg>${cartProductSubtotalXpath}</arg>
<kw name="Replace String" library="String">
<var>${priceLocator}</var>
<arg>${xpath}</arg>
<arg>&lt;productName&gt;</arg>
<arg>${product}</arg>
<doc>Replaces ``search_for`` in the given ``string`` with ``replace_with``.</doc>
<msg timestamp="20221222 18:19:50.727" level="INFO">${priceLocator} = //td[contains(text(),'Stuffed Frog')]/following::td[3]</msg>
<status status="PASS" starttime="20221222 18:19:50.727" endtime="20221222 18:19:50.727"/>
</kw>
<kw name="Wait Until Element Is Visible" library="SeleniumLibrary">
<arg>${priceLocator}</arg>
<doc>Waits until the element ``locator`` is visible.</doc>
<status status="PASS" starttime="20221222 18:19:50.728" endtime="20221222 18:19:50.952"/>
</kw>
<kw name="Get Text" library="SeleniumLibrary">
<var>${priceText}</var>
<arg>${priceLocator}</arg>
<doc>Returns the text value of the element identified by ``locator``.</doc>
<msg timestamp="20221222 18:19:50.968" level="INFO">${priceText} = $21.98</msg>
<status status="PASS" starttime="20221222 18:19:50.952" endtime="20221222 18:19:50.968"/>
</kw>
<kw name="get float value" library="Page">
<var>${priceValueFloat}</var>
<arg>${priceText}</arg>
<kw name="Get Regexp Matches" library="String">
<var>${priceValue}</var>
<arg>${priceText}</arg>
<arg>${priceFloatXpath}</arg>
<doc>Returns a list of all non-overlapping matches in the given string.</doc>
<msg timestamp="20221222 18:19:50.970" level="INFO">${priceValue} = ['21.98']</msg>
<status status="PASS" starttime="20221222 18:19:50.969" endtime="20221222 18:19:50.970"/>
</kw>
<kw name="Convert To Number" library="BuiltIn">
<var>${priceValueFloat}</var>
<arg>${priceValue}[0]</arg>
<doc>Converts the given item to a floating point number.</doc>
<msg timestamp="20221222 18:19:50.971" level="INFO">${priceValueFloat} = 21.98</msg>
<status status="PASS" starttime="20221222 18:19:50.971" endtime="20221222 18:19:50.971"/>
</kw>
<msg timestamp="20221222 18:19:50.973" level="INFO">${priceValueFloat} = 21.98</msg>
<status status="PASS" starttime="20221222 18:19:50.969" endtime="20221222 18:19:50.973"/>
</kw>
<msg timestamp="20221222 18:19:50.974" level="INFO">${cartPageSubtotal} = 21.98</msg>
<status status="PASS" starttime="20221222 18:19:50.727" endtime="20221222 18:19:50.974"/>
</kw>
<kw name="Evaluate" library="BuiltIn">
<var>${subTotal}</var>
<arg>${productPriceMap['${productName}']} * ${product}[\$\{quantity\}]</arg>
<doc>Evaluates the given expression in Python and returns the result.</doc>
<msg timestamp="20221222 18:19:50.976" level="INFO">${subTotal} = 21.98</msg>
<status status="PASS" starttime="20221222 18:19:50.975" endtime="20221222 18:19:50.976"/>
</kw>
<kw name="Append To List" library="Collections">
<arg>${subtotalList}</arg>
<arg>${subTotal}</arg>
<doc>Adds ``values`` to the end of ``list``.</doc>
<status status="PASS" starttime="20221222 18:19:50.977" endtime="20221222 18:19:50.977"/>
</kw>
<kw name="Should Be Equal" library="BuiltIn">
<arg>${cartPageSubtotal}</arg>
<arg>${subtotal}</arg>
<doc>Fails if the given objects are unequal.</doc>
<status status="PASS" starttime="20221222 18:19:50.977" endtime="20221222 18:19:50.977"/>
</kw>
<status status="PASS" starttime="20221222 18:19:50.726" endtime="20221222 18:19:50.978"/>
</iter>
<iter>
<var name="${product}">{'${productName}': 'Fluffy Bunny', '${quantity}': 5}</var>
<kw name="Convert To String" library="BuiltIn">
<var>${productName}</var>
<arg>${product}[\$\{productName\}]</arg>
<doc>Converts the given item to a Unicode string.</doc>
<msg timestamp="20221222 18:19:50.978" level="INFO">${productName} = Fluffy Bunny</msg>
<status status="PASS" starttime="20221222 18:19:50.978" endtime="20221222 18:19:50.979"/>
</kw>
<kw name="get price value" library="Page">
<var>${cartPageSubtotal}</var>
<arg>${productName}</arg>
<arg>${cartProductSubtotalXpath}</arg>
<kw name="Replace String" library="String">
<var>${priceLocator}</var>
<arg>${xpath}</arg>
<arg>&lt;productName&gt;</arg>
<arg>${product}</arg>
<doc>Replaces ``search_for`` in the given ``string`` with ``replace_with``.</doc>
<msg timestamp="20221222 18:19:50.980" level="INFO">${priceLocator} = //td[contains(text(),'Fluffy Bunny')]/following::td[3]</msg>
<status status="PASS" starttime="20221222 18:19:50.980" endtime="20221222 18:19:50.980"/>
</kw>
<kw name="Wait Until Element Is Visible" library="SeleniumLibrary">
<arg>${priceLocator}</arg>
<doc>Waits until the element ``locator`` is visible.</doc>
<status status="PASS" starttime="20221222 18:19:50.981" endtime="20221222 18:19:50.997"/>
</kw>
<kw name="Get Text" library="SeleniumLibrary">
<var>${priceText}</var>
<arg>${priceLocator}</arg>
<doc>Returns the text value of the element identified by ``locator``.</doc>
<msg timestamp="20221222 18:19:51.012" level="INFO">${priceText} = $49.95</msg>
<status status="PASS" starttime="20221222 18:19:50.997" endtime="20221222 18:19:51.012"/>
</kw>
<kw name="get float value" library="Page">
<var>${priceValueFloat}</var>
<arg>${priceText}</arg>
<kw name="Get Regexp Matches" library="String">
<var>${priceValue}</var>
<arg>${priceText}</arg>
<arg>${priceFloatXpath}</arg>
<doc>Returns a list of all non-overlapping matches in the given string.</doc>
<msg timestamp="20221222 18:19:51.015" level="INFO">${priceValue} = ['49.95']</msg>
<status status="PASS" starttime="20221222 18:19:51.015" endtime="20221222 18:19:51.015"/>
</kw>
<kw name="Convert To Number" library="BuiltIn">
<var>${priceValueFloat}</var>
<arg>${priceValue}[0]</arg>
<doc>Converts the given item to a floating point number.</doc>
<msg timestamp="20221222 18:19:51.015" level="INFO">${priceValueFloat} = 49.95</msg>
<status status="PASS" starttime="20221222 18:19:51.015" endtime="20221222 18:19:51.015"/>
</kw>
<msg timestamp="20221222 18:19:51.016" level="INFO">${priceValueFloat} = 49.95</msg>
<status status="PASS" starttime="20221222 18:19:51.014" endtime="20221222 18:19:51.016"/>
</kw>
<msg timestamp="20221222 18:19:51.017" level="INFO">${cartPageSubtotal} = 49.95</msg>
<status status="PASS" starttime="20221222 18:19:50.979" endtime="20221222 18:19:51.017"/>
</kw>
<kw name="Evaluate" library="BuiltIn">
<var>${subTotal}</var>
<arg>${productPriceMap['${productName}']} * ${product}[\$\{quantity\}]</arg>
<doc>Evaluates the given expression in Python and returns the result.</doc>
<msg timestamp="20221222 18:19:51.019" level="INFO">${subTotal} = 49.95</msg>
<status status="PASS" starttime="20221222 18:19:51.018" endtime="20221222 18:19:51.019"/>
</kw>
<kw name="Append To List" library="Collections">
<arg>${subtotalList}</arg>
<arg>${subTotal}</arg>
<doc>Adds ``values`` to the end of ``list``.</doc>
<status status="PASS" starttime="20221222 18:19:51.020" endtime="20221222 18:19:51.020"/>
</kw>
<kw name="Should Be Equal" library="BuiltIn">
<arg>${cartPageSubtotal}</arg>
<arg>${subtotal}</arg>
<doc>Fails if the given objects are unequal.</doc>
<status status="PASS" starttime="20221222 18:19:51.021" endtime="20221222 18:19:51.021"/>
</kw>
<status status="PASS" starttime="20221222 18:19:50.978" endtime="20221222 18:19:51.021"/>
</iter>
<iter>
<var name="${product}">{'${productName}': 'Valentine Bear', '${quantity}': 3}</var>
<kw name="Convert To String" library="BuiltIn">
<var>${productName}</var>
<arg>${product}[\$\{productName\}]</arg>
<doc>Converts the given item to a Unicode string.</doc>
<msg timestamp="20221222 18:19:51.022" level="INFO">${productName} = Valentine Bear</msg>
<status status="PASS" starttime="20221222 18:19:51.021" endtime="20221222 18:19:51.022"/>
</kw>
<kw name="get price value" library="Page">
<var>${cartPageSubtotal}</var>
<arg>${productName}</arg>
<arg>${cartProductSubtotalXpath}</arg>
<kw name="Replace String" library="String">
<var>${priceLocator}</var>
<arg>${xpath}</arg>
<arg>&lt;productName&gt;</arg>
<arg>${product}</arg>
<doc>Replaces ``search_for`` in the given ``string`` with ``replace_with``.</doc>
<msg timestamp="20221222 18:19:51.023" level="INFO">${priceLocator} = //td[contains(text(),'Valentine Bear')]/following::td[3]</msg>
<status status="PASS" starttime="20221222 18:19:51.023" endtime="20221222 18:19:51.023"/>
</kw>
<kw name="Wait Until Element Is Visible" library="SeleniumLibrary">
<arg>${priceLocator}</arg>
<doc>Waits until the element ``locator`` is visible.</doc>
<status status="PASS" starttime="20221222 18:19:51.024" endtime="20221222 18:19:51.040"/>
</kw>
<kw name="Get Text" library="SeleniumLibrary">
<var>${priceText}</var>
<arg>${priceLocator}</arg>
<doc>Returns the text value of the element identified by ``locator``.</doc>
<msg timestamp="20221222 18:19:51.054" level="INFO">${priceText} = $44.97</msg>
<status status="PASS" starttime="20221222 18:19:51.040" endtime="20221222 18:19:51.054"/>
</kw>
<kw name="get float value" library="Page">
<var>${priceValueFloat}</var>
<arg>${priceText}</arg>
<kw name="Get Regexp Matches" library="String">
<var>${priceValue}</var>
<arg>${priceText}</arg>
<arg>${priceFloatXpath}</arg>
<doc>Returns a list of all non-overlapping matches in the given string.</doc>
<msg timestamp="20221222 18:19:51.056" level="INFO">${priceValue} = ['44.97']</msg>
<status status="PASS" starttime="20221222 18:19:51.056" endtime="20221222 18:19:51.056"/>
</kw>
<kw name="Convert To Number" library="BuiltIn">
<var>${priceValueFloat}</var>
<arg>${priceValue}[0]</arg>
<doc>Converts the given item to a floating point number.</doc>
<msg timestamp="20221222 18:19:51.058" level="INFO">${priceValueFloat} = 44.97</msg>
<status status="PASS" starttime="20221222 18:19:51.058" endtime="20221222 18:19:51.058"/>
</kw>
<msg timestamp="20221222 18:19:51.059" level="INFO">${priceValueFloat} = 44.97</msg>
<status status="PASS" starttime="20221222 18:19:51.055" endtime="20221222 18:19:51.059"/>
</kw>
<msg timestamp="20221222 18:19:51.060" level="INFO">${cartPageSubtotal} = 44.97</msg>
<status status="PASS" starttime="20221222 18:19:51.022" endtime="20221222 18:19:51.060"/>
</kw>
<kw name="Evaluate" library="BuiltIn">
<var>${subTotal}</var>
<arg>${productPriceMap['${productName}']} * ${product}[\$\{quantity\}]</arg>
<doc>Evaluates the given expression in Python and returns the result.</doc>
<msg timestamp="20221222 18:19:51.062" level="INFO">${subTotal} = 44.97</msg>
<status status="PASS" starttime="20221222 18:19:51.061" endtime="20221222 18:19:51.062"/>
</kw>
<kw name="Append To List" library="Collections">
<arg>${subtotalList}</arg>
<arg>${subTotal}</arg>
<doc>Adds ``values`` to the end of ``list``.</doc>
<status status="PASS" starttime="20221222 18:19:51.063" endtime="20221222 18:19:51.063"/>
</kw>
<kw name="Should Be Equal" library="BuiltIn">
<arg>${cartPageSubtotal}</arg>
<arg>${subtotal}</arg>
<doc>Fails if the given objects are unequal.</doc>
<status status="PASS" starttime="20221222 18:19:51.063" endtime="20221222 18:19:51.063"/>
</kw>
<status status="PASS" starttime="20221222 18:19:51.021" endtime="20221222 18:19:51.064"/>
</iter>
<status status="PASS" starttime="20221222 18:19:50.726" endtime="20221222 18:19:51.064"/>
</for>
<kw name="Log To Console" library="BuiltIn">
<arg>Subtotals: ${subtotalList}</arg>
<doc>Logs the given message to the console.</doc>
<status status="PASS" starttime="20221222 18:19:51.064" endtime="20221222 18:19:51.064"/>
</kw>
<kw name="Set Suite Variable" library="BuiltIn">
<arg>${subtotalList}</arg>
<doc>Makes a variable available everywhere within the scope of the current suite.</doc>
<msg timestamp="20221222 18:19:51.065" level="INFO">${subtotalList} = [21.98, 49.95, 44.97]</msg>
<status status="PASS" starttime="20221222 18:19:51.064" endtime="20221222 18:19:51.065"/>
</kw>
<status status="PASS" starttime="20221222 18:19:50.725" endtime="20221222 18:19:51.065"/>
</kw>
<kw name="When user validates price for each product" library="CartPage">
<kw name="Log To Console" library="BuiltIn">
<arg>user validates price for each product</arg>
<doc>Logs the given message to the console.</doc>
<status status="PASS" starttime="20221222 18:19:51.066" endtime="20221222 18:19:51.067"/>
</kw>
<status status="PASS" starttime="20221222 18:19:51.066" endtime="20221222 18:19:51.067"/>
</kw>
<kw name="Then price for each product should be correct" library="CartPage">
<for flavor="IN">
<var>${product}</var>
<value>@{shoppingList}</value>
<iter>
<var name="${product}">{'${productName}': 'Stuffed Frog', '${quantity}': 2}</var>
<kw name="Convert To String" library="BuiltIn">
<var>${productName}</var>
<arg>${product}[\$\{productName\}]</arg>
<doc>Converts the given item to a Unicode string.</doc>
<msg timestamp="20221222 18:19:51.068" level="INFO">${productName} = Stuffed Frog</msg>
<status status="PASS" starttime="20221222 18:19:51.068" endtime="20221222 18:19:51.068"/>
</kw>
<kw name="get price value" library="Page">
<var>${cartPagePrice}</var>
<arg>${productName}</arg>
<arg>${cartProductPriceXpath}</arg>
<kw name="Replace String" library="String">
<var>${priceLocator}</var>
<arg>${xpath}</arg>
<arg>&lt;productName&gt;</arg>
<arg>${product}</arg>
<doc>Replaces ``search_for`` in the given ``string`` with ``replace_with``.</doc>
<msg timestamp="20221222 18:19:51.069" level="INFO">${priceLocator} = //td[contains(text(),'Stuffed Frog')]/following::td[1]</msg>
<status status="PASS" starttime="20221222 18:19:51.069" endtime="20221222 18:19:51.069"/>
</kw>
<kw name="Wait Until Element Is Visible" library="SeleniumLibrary">
<arg>${priceLocator}</arg>
<doc>Waits until the element ``locator`` is visible.</doc>
<status status="PASS" starttime="20221222 18:19:51.072" endtime="20221222 18:19:51.096"/>
</kw>
<kw name="Get Text" library="SeleniumLibrary">
<var>${priceText}</var>
<arg>${priceLocator}</arg>
<doc>Returns the text value of the element identified by ``locator``.</doc>
<msg timestamp="20221222 18:19:51.113" level="INFO">${priceText} = $10.99</msg>
<status status="PASS" starttime="20221222 18:19:51.096" endtime="20221222 18:19:51.113"/>
</kw>
<kw name="get float value" library="Page">
<var>${priceValueFloat}</var>
<arg>${priceText}</arg>
<kw name="Get Regexp Matches" library="String">
<var>${priceValue}</var>
<arg>${priceText}</arg>
<arg>${priceFloatXpath}</arg>
<doc>Returns a list of all non-overlapping matches in the given string.</doc>
<msg timestamp="20221222 18:19:51.115" level="INFO">${priceValue} = ['10.99']</msg>
<status status="PASS" starttime="20221222 18:19:51.114" endtime="20221222 18:19:51.115"/>
</kw>
<kw name="Convert To Number" library="BuiltIn">
<var>${priceValueFloat}</var>
<arg>${priceValue}[0]</arg>
<doc>Converts the given item to a floating point number.</doc>
<msg timestamp="20221222 18:19:51.116" level="INFO">${priceValueFloat} = 10.99</msg>
<status status="PASS" starttime="20221222 18:19:51.115" endtime="20221222 18:19:51.116"/>
</kw>
<msg timestamp="20221222 18:19:51.117" level="INFO">${priceValueFloat} = 10.99</msg>
<status status="PASS" starttime="20221222 18:19:51.114" endtime="20221222 18:19:51.117"/>
</kw>
<msg timestamp="20221222 18:19:51.119" level="INFO">${cartPagePrice} = 10.99</msg>
<status status="PASS" starttime="20221222 18:19:51.069" endtime="20221222 18:19:51.119"/>
</kw>
<kw name="Convert To Number" library="BuiltIn">
<var>${shopPagePrice}</var>
<arg>${productPriceMap['${productName}']}</arg>
<doc>Converts the given item to a floating point number.</doc>
<msg timestamp="20221222 18:19:51.121" level="INFO">${shopPagePrice} = 10.99</msg>
<status status="PASS" starttime="20221222 18:19:51.120" endtime="20221222 18:19:51.121"/>
</kw>
<kw name="Should Be Equal" library="BuiltIn">
<arg>${cartPagePrice}</arg>
<arg>${shopPagePrice}</arg>
<doc>Fails if the given objects are unequal.</doc>
<status status="PASS" starttime="20221222 18:19:51.122" endtime="20221222 18:19:51.122"/>
</kw>
<status status="PASS" starttime="20221222 18:19:51.068" endtime="20221222 18:19:51.122"/>
</iter>
<iter>
<var name="${product}">{'${productName}': 'Fluffy Bunny', '${quantity}': 5}</var>
<kw name="Convert To String" library="BuiltIn">
<var>${productName}</var>
<arg>${product}[\$\{productName\}]</arg>
<doc>Converts the given item to a Unicode string.</doc>
<msg timestamp="20221222 18:19:51.123" level="INFO">${productName} = Fluffy Bunny</msg>
<status status="PASS" starttime="20221222 18:19:51.122" endtime="20221222 18:19:51.123"/>
</kw>
<kw name="get price value" library="Page">
<var>${cartPagePrice}</var>
<arg>${productName}</arg>
<arg>${cartProductPriceXpath}</arg>
<kw name="Replace String" library="String">
<var>${priceLocator}</var>
<arg>${xpath}</arg>
<arg>&lt;productName&gt;</arg>
<arg>${product}</arg>
<doc>Replaces ``search_for`` in the given ``string`` with ``replace_with``.</doc>
<msg timestamp="20221222 18:19:51.124" level="INFO">${priceLocator} = //td[contains(text(),'Fluffy Bunny')]/following::td[1]</msg>
<status status="PASS" starttime="20221222 18:19:51.124" endtime="20221222 18:19:51.124"/>
</kw>
<kw name="Wait Until Element Is Visible" library="SeleniumLibrary">
<arg>${priceLocator}</arg>
<doc>Waits until the element ``locator`` is visible.</doc>
<status status="PASS" starttime="20221222 18:19:51.125" endtime="20221222 18:19:51.140"/>
</kw>
<kw name="Get Text" library="SeleniumLibrary">
<var>${priceText}</var>
<arg>${priceLocator}</arg>
<doc>Returns the text value of the element identified by ``locator``.</doc>
<msg timestamp="20221222 18:19:51.155" level="INFO">${priceText} = $9.99</msg>
<status status="PASS" starttime="20221222 18:19:51.140" endtime="20221222 18:19:51.155"/>
</kw>
<kw name="get float value" library="Page">
<var>${priceValueFloat}</var>
<arg>${priceText}</arg>
<kw name="Get Regexp Matches" library="String">
<var>${priceValue}</var>
<arg>${priceText}</arg>
<arg>${priceFloatXpath}</arg>
<doc>Returns a list of all non-overlapping matches in the given string.</doc>
<msg timestamp="20221222 18:19:51.157" level="INFO">${priceValue} = ['9.99']</msg>
<status status="PASS" starttime="20221222 18:19:51.157" endtime="20221222 18:19:51.157"/>
</kw>
<kw name="Convert To Number" library="BuiltIn">
<var>${priceValueFloat}</var>
<arg>${priceValue}[0]</arg>
<doc>Converts the given item to a floating point number.</doc>
<msg timestamp="20221222 18:19:51.159" level="INFO">${priceValueFloat} = 9.99</msg>
<status status="PASS" starttime="20221222 18:19:51.159" endtime="20221222 18:19:51.159"/>
</kw>
<msg timestamp="20221222 18:19:51.160" level="INFO">${priceValueFloat} = 9.99</msg>
<status status="PASS" starttime="20221222 18:19:51.156" endtime="20221222 18:19:51.160"/>
</kw>
<msg timestamp="20221222 18:19:51.161" level="INFO">${cartPagePrice} = 9.99</msg>
<status status="PASS" starttime="20221222 18:19:51.123" endtime="20221222 18:19:51.161"/>
</kw>
<kw name="Convert To Number" library="BuiltIn">
<var>${shopPagePrice}</var>
<arg>${productPriceMap['${productName}']}</arg>
<doc>Converts the given item to a floating point number.</doc>
<msg timestamp="20221222 18:19:51.163" level="INFO">${shopPagePrice} = 9.99</msg>
<status status="PASS" starttime="20221222 18:19:51.162" endtime="20221222 18:19:51.163"/>
</kw>
<kw name="Should Be Equal" library="BuiltIn">
<arg>${cartPagePrice}</arg>
<arg>${shopPagePrice}</arg>
<doc>Fails if the given objects are unequal.</doc>
<status status="PASS" starttime="20221222 18:19:51.164" endtime="20221222 18:19:51.164"/>
</kw>
<status status="PASS" starttime="20221222 18:19:51.122" endtime="20221222 18:19:51.165"/>
</iter>
<iter>
<var name="${product}">{'${productName}': 'Valentine Bear', '${quantity}': 3}</var>
<kw name="Convert To String" library="BuiltIn">
<var>${productName}</var>
<arg>${product}[\$\{productName\}]</arg>
<doc>Converts the given item to a Unicode string.</doc>
<msg timestamp="20221222 18:19:51.166" level="INFO">${productName} = Valentine Bear</msg>
<status status="PASS" starttime="20221222 18:19:51.165" endtime="20221222 18:19:51.166"/>
</kw>
<kw name="get price value" library="Page">
<var>${cartPagePrice}</var>
<arg>${productName}</arg>
<arg>${cartProductPriceXpath}</arg>
<kw name="Replace String" library="String">
<var>${priceLocator}</var>
<arg>${xpath}</arg>
<arg>&lt;productName&gt;</arg>
<arg>${product}</arg>
<doc>Replaces ``search_for`` in the given ``string`` with ``replace_with``.</doc>
<msg timestamp="20221222 18:19:51.167" level="INFO">${priceLocator} = //td[contains(text(),'Valentine Bear')]/following::td[1]</msg>
<status status="PASS" starttime="20221222 18:19:51.167" endtime="20221222 18:19:51.167"/>
</kw>
<kw name="Wait Until Element Is Visible" library="SeleniumLibrary">
<arg>${priceLocator}</arg>
<doc>Waits until the element ``locator`` is visible.</doc>
<status status="PASS" starttime="20221222 18:19:51.168" endtime="20221222 18:19:51.184"/>
</kw>
<kw name="Get Text" library="SeleniumLibrary">
<var>${priceText}</var>
<arg>${priceLocator}</arg>
<doc>Returns the text value of the element identified by ``locator``.</doc>
<msg timestamp="20221222 18:19:51.199" level="INFO">${priceText} = $14.99</msg>
<status status="PASS" starttime="20221222 18:19:51.185" endtime="20221222 18:19:51.199"/>
</kw>
<kw name="get float value" library="Page">
<var>${priceValueFloat}</var>
<arg>${priceText}</arg>
<kw name="Get Regexp Matches" library="String">
<var>${priceValue}</var>
<arg>${priceText}</arg>
<arg>${priceFloatXpath}</arg>
<doc>Returns a list of all non-overlapping matches in the given string.</doc>
<msg timestamp="20221222 18:19:51.201" level="INFO">${priceValue} = ['14.99']</msg>
<status status="PASS" starttime="20221222 18:19:51.200" endtime="20221222 18:19:51.201"/>
</kw>
<kw name="Convert To Number" library="BuiltIn">
<var>${priceValueFloat}</var>
<arg>${priceValue}[0]</arg>
<doc>Converts the given item to a floating point number.</doc>
<msg timestamp="20221222 18:19:51.203" level="INFO">${priceValueFloat} = 14.99</msg>
<status status="PASS" starttime="20221222 18:19:51.203" endtime="20221222 18:19:51.203"/>
</kw>
<msg timestamp="20221222 18:19:51.204" level="INFO">${priceValueFloat} = 14.99</msg>
<status status="PASS" starttime="20221222 18:19:51.200" endtime="20221222 18:19:51.204"/>
</kw>
<msg timestamp="20221222 18:19:51.205" level="INFO">${cartPagePrice} = 14.99</msg>
<status status="PASS" starttime="20221222 18:19:51.167" endtime="20221222 18:19:51.205"/>
</kw>
<kw name="Convert To Number" library="BuiltIn">
<var>${shopPagePrice}</var>
<arg>${productPriceMap['${productName}']}</arg>
<doc>Converts the given item to a floating point number.</doc>
<msg timestamp="20221222 18:19:51.206" level="INFO">${shopPagePrice} = 14.99</msg>
<status status="PASS" starttime="20221222 18:19:51.205" endtime="20221222 18:19:51.206"/>
</kw>
<kw name="Should Be Equal" library="BuiltIn">
<arg>${cartPagePrice}</arg>
<arg>${shopPagePrice}</arg>
<doc>Fails if the given objects are unequal.</doc>
<status status="PASS" starttime="20221222 18:19:51.207" endtime="20221222 18:19:51.207"/>
</kw>
<status status="PASS" starttime="20221222 18:19:51.165" endtime="20221222 18:19:51.208"/>
</iter>
<status status="PASS" starttime="20221222 18:19:51.068" endtime="20221222 18:19:51.208"/>
</for>
<status status="PASS" starttime="20221222 18:19:51.067" endtime="20221222 18:19:51.208"/>
</kw>
<kw name="When user validates the total amount" library="CartPage">
<kw name="Log To Console" library="BuiltIn">
<arg>user validates the total amount</arg>
<doc>Logs the given message to the console.</doc>
<status status="PASS" starttime="20221222 18:19:51.209" endtime="20221222 18:19:51.209"/>
</kw>
<status status="PASS" starttime="20221222 18:19:51.208" endtime="20221222 18:19:51.209"/>
</kw>
<kw name="Then total amount should be the sum of subtotals" library="CartPage">
<kw name="get total" library="CartPage">
<var>${totalAmount}</var>
<kw name="Get Text" library="SeleniumLibrary">
<var>${totalAmountText}</var>
<arg>${totalAmountXpath}</arg>
<doc>Returns the text value of the element identified by ``locator``.</doc>
<msg timestamp="20221222 18:19:51.227" level="INFO">${totalAmountText} = Total: 116.9</msg>
<status status="PASS" starttime="20221222 18:19:51.210" endtime="20221222 18:19:51.227"/>
</kw>
<kw name="get float value" library="Page">
<var>${totalValueFloat}</var>
<arg>${totalAmountText}</arg>
<kw name="Get Regexp Matches" library="String">
<var>${priceValue}</var>
<arg>${priceText}</arg>
<arg>${priceFloatXpath}</arg>
<doc>Returns a list of all non-overlapping matches in the given string.</doc>
<msg timestamp="20221222 18:19:51.229" level="INFO">${priceValue} = ['116.9']</msg>
<status status="PASS" starttime="20221222 18:19:51.229" endtime="20221222 18:19:51.229"/>
</kw>
<kw name="Convert To Number" library="BuiltIn">
<var>${priceValueFloat}</var>
<arg>${priceValue}[0]</arg>
<doc>Converts the given item to a floating point number.</doc>
<msg timestamp="20221222 18:19:51.230" level="INFO">${priceValueFloat} = 116.9</msg>
<status status="PASS" starttime="20221222 18:19:51.230" endtime="20221222 18:19:51.230"/>
</kw>
<msg timestamp="20221222 18:19:51.231" level="INFO">${totalValueFloat} = 116.9</msg>
<status status="PASS" starttime="20221222 18:19:51.228" endtime="20221222 18:19:51.231"/>
</kw>
<msg timestamp="20221222 18:19:51.233" level="INFO">${totalAmount} = 116.9</msg>
<status status="PASS" starttime="20221222 18:19:51.210" endtime="20221222 18:19:51.233"/>
</kw>
<kw name="Evaluate" library="BuiltIn">
<var>${sumOfSubtotals}</var>
<arg>sum(map(float, ${subtotalList}))</arg>
<doc>Evaluates the given expression in Python and returns the result.</doc>
<msg timestamp="20221222 18:19:51.235" level="INFO">${sumOfSubtotals} = 116.9</msg>
<status status="PASS" starttime="20221222 18:19:51.234" endtime="20221222 18:19:51.235"/>
</kw>
<kw name="Should Be Equal" library="BuiltIn">
<arg>${totalAmount}</arg>
<arg>${sumOfSubtotals}</arg>
<doc>Fails if the given objects are unequal.</doc>
<status status="PASS" starttime="20221222 18:19:51.236" endtime="20221222 18:19:51.236"/>
</kw>
<status status="PASS" starttime="20221222 18:19:51.210" endtime="20221222 18:19:51.237"/>
</kw>
<tag>@Regression</tag>
<tag>@Smoke</tag>
<status status="PASS" starttime="20221222 18:19:49.976" endtime="20221222 18:19:51.237"/>
</test>
<kw name="Close Application" library="Page" type="TEARDOWN">
<kw name="Close All Browsers" library="SeleniumLibrary">
<doc>Closes all open browsers and resets the browser cache.</doc>
<status status="PASS" starttime="20221222 18:19:51.249" endtime="20221222 18:19:53.307"/>
</kw>
<status status="PASS" starttime="20221222 18:19:51.249" endtime="20221222 18:19:53.307"/>
</kw>
<doc>Jupiter Toys Cart Page Tests</doc>
<status status="PASS" starttime="20221222 18:19:45.294" endtime="20221222 18:19:53.307"/>
</suite>
<statistics>
<total>
<stat pass="1" fail="0" skip="0">All Tests</stat>
</total>
<tag>
<stat pass="1" fail="0" skip="0">@Regression</stat>
<stat pass="1" fail="0" skip="0">@Smoke</stat>
</tag>
<suite>
<stat pass="1" fail="0" skip="0" id="s1" name="Tests">Tests</stat>
</suite>
</statistics>
<errors>
</errors>
</robot>
